2023-08-06 02:23:51.896497 - Initialized conversion of CBT236
2023-08-06 02:23:51.997889 - Received CBT.V505.FILE236.PDS from FILE236.XMI 
2023-08-06 02:23:51.999962 - Found $$$#DATE.txt (text/plain) in CBT.V505.FILE236.PDS, moved to PDS/$$$#DATE
2023-08-06 02:23:52.000898 - Found $$DOC.txt (text/plain) in CBT.V505.FILE236.PDS, moved to PDS/$$DOC
2023-08-06 02:23:52.001760 - Found $$ILLUST.txt (text/plain) in CBT.V505.FILE236.PDS, moved to PDS/$$ILLUST
2023-08-06 02:23:52.002622 - Found $$NOTE.txt (text/plain) in CBT.V505.FILE236.PDS, moved to PDS/$$NOTE
2023-08-06 02:23:52.003522 - Found @FILE236.txt (text/plain) in CBT.V505.FILE236.PDS, moved to PDS/@FILE236
2023-08-06 02:23:52.004369 - Found HOWTOFIT.txt (text/plain) in CBT.V505.FILE236.PDS, moved to PDS/HOWTOFIT
2023-08-06 02:23:52.005250 - Found SDFP230A.txt (text/plain) in CBT.V505.FILE236.PDS, moved to PDS/SDFP230A
2023-08-06 02:23:52.006109 - Found SDFP230B.txt (text/plain) in CBT.V505.FILE236.PDS, moved to PDS/SDFP230B
2023-08-06 02:23:52.006914 - Found SDFP230C.txt (text/plain) in CBT.V505.FILE236.PDS, moved to PDS/SDFP230C
2023-08-06 02:23:52.007764 - Found SDFP230D.txt (text/plain) in CBT.V505.FILE236.PDS, moved to PDS/SDFP230D
2023-08-06 02:23:52.008543 - Found SDFP230E.txt (text/plain) in CBT.V505.FILE236.PDS, moved to PDS/SDFP230E
2023-08-06 02:23:52.009350 - Found SDFP230F.txt (text/plain) in CBT.V505.FILE236.PDS, moved to PDS/SDFP230F
2023-08-06 02:23:52.010226 - Found SDFP230G.txt (text/plain) in CBT.V505.FILE236.PDS, moved to PDS/SDFP230G
2023-08-06 02:23:52.011025 - Found SDFP230H.txt (text/plain) in CBT.V505.FILE236.PDS, moved to PDS/SDFP230H
2023-08-06 02:23:52.011825 - Found SDFP240A.txt (text/plain) in CBT.V505.FILE236.PDS, moved to PDS/SDFP240A
2023-08-06 02:23:52.012641 - Found SDFP320A.txt (text/plain) in CBT.V505.FILE236.PDS, moved to PDS/SDFP320A
2023-08-06 02:23:52.013488 - Found SDFP320B.txt (text/plain) in CBT.V505.FILE236.PDS, moved to PDS/SDFP320B
2023-08-06 02:23:52.014337 - Found SDFP320C.txt (text/plain) in CBT.V505.FILE236.PDS, moved to PDS/SDFP320C
2023-08-06 02:23:52.015121 - Found SDFP320D.txt (text/plain) in CBT.V505.FILE236.PDS, moved to PDS/SDFP320D
2023-08-06 02:23:52.015964 - Found SDFP320E.txt (text/plain) in CBT.V505.FILE236.PDS, moved to PDS/SDFP320E
2023-08-06 02:23:52.016800 - Found SDFP330A.txt (text/plain) in CBT.V505.FILE236.PDS, moved to PDS/SDFP330A
2023-08-06 02:23:52.017653 - Found SDFP330B.txt (text/plain) in CBT.V505.FILE236.PDS, moved to PDS/SDFP330B
2023-08-06 02:23:52.018502 - Found SDFS110A.txt (text/plain) in CBT.V505.FILE236.PDS, moved to PDS/SDFS110A
